[Sat Feb 22 14:40:52 2025
] System Boot
[Sat Feb 22 14:40:52 2025
] Checking dependencies
[Sat Feb 22 14:40:53 2025
] Dependencies verified
[Sat Feb 22 14:40:53 2025
] Chat Server
[Sat Feb 22 14:40:54 2025
] Database Service
[Sat Feb 22 14:40:55 2025
] User Authentication
[Sat Feb 22 14:40:56 2025
] Sentiment Analysis Engine
[Sat Feb 22 14:40:57 2025
] Data Synchronization
[Sat Feb 22 14:40:59 2025
] Diagnostics Passed
[Sat Feb 22 14:40:59 2025
] User connected
[Sat Feb 22 14:41:00 2025
] User connected
[Sat Feb 22 14:41:00 2025
] User connected
[Sat Feb 22 14:41:01 2025
] User connected
[Sat Feb 22 14:41:01 2025
] User connected
[Sat Feb 22 14:41:02 2025
] User connected
[Sat Feb 22 14:41:02 2025
] User connected
[Sat Feb 22 14:41:03 2025
] User connected
[Sat Feb 22 14:41:03 2025
] User connected
[Sat Feb 22 14:41:04 2025
] User connected
[Sat Feb 22 14:41:43 2025
] Test log entry
[Sat Feb 22 14:41:43 2025
] Test log entry
[Sat Feb 22 14:41:43 2025
] Test log entry
[Sat Feb 22 14:41:43 2025
] Test log entry
[Sat Feb 22 14:41:43 2025
] Test log entry
[Sat Feb 22 14:41:43 2025
] Test log entry
[Sat Feb 22 14:41:43 2025
] Test log entry
[Sat Feb 22 14:41:43 2025
] Test log entry
[Sat Feb 22 14:41:43 2025
] Test log entry
[Sat Feb 22 14:41:43 2025
] Test log entry
[Sat Feb 22 14:41:43 2025
] Test log entry
[Sat Feb 22 14:41:43 2025
] Test log entry
[Sat Feb 22 14:41:43 2025
] Test log entry
[Sat Feb 22 14:41:43 2025
] Test log entry
[Sat Feb 22 14:41:43 2025
] Test log entry
[Sat Feb 22 14:41:43 2025
] Test log entry
[Sat Feb 22 14:41:43 2025
] Test log entry
[Sat Feb 22 14:41:43 2025
] Test log entry
[Sat Feb 22 14:41:43 2025
] Test log entry
[Sat Feb 22 14:41:43 2025
] Test log entry
[Sat Feb 22 14:41:43 2025
] Test log entry
[Sat Feb 22 14:41:43 2025
] Test log entry
[Sat Feb 22 14:41:43 2025
] Test log entry
[Sat Feb 22 14:41:43 2025
] Test log entry
[Sat Feb 22 14:41:43 2025
] Test log entry
[Sat Feb 22 14:41:43 2025
] Test log entry
[Sat Feb 22 14:41:43 2025
] Test log entry
[Sat Feb 22 14:41:43 2025
] Test log entry
[Sat Feb 22 14:41:43 2025
] Test log entry
[Sat Feb 22 14:41:43 2025
] Test log entry
[Sat Feb 22 14:41:43 2025
] Test log entry
[Sat Feb 22 14:41:43 2025
] Test log entry
[Sat Feb 22 14:41:43 2025
] Test log entry
[Sat Feb 22 14:41:43 2025
] Test log entry
[Sat Feb 22 14:41:43 2025
] Test log entry
[Sat Feb 22 14:41:43 2025
] Test log entry
[Sat Feb 22 14:41:43 2025
] Test log entry
[Sat Feb 22 14:41:43 2025
] Test log entry
[Sat Feb 22 14:41:43 2025
] Test log entry
[Sat Feb 22 14:41:43 2025
] Test log entry
[Sat Feb 22 14:41:43 2025
] Test log entry
[Sat Feb 22 14:41:43 2025
] Test log entry
[Sat Feb 22 14:41:43 2025
] Test log entry
[Sat Feb 22 14:41:43 2025
] Test log entry
[Sat Feb 22 14:41:43 2025
] Test log entry
[Sat Feb 22 14:41:43 2025
] Test log entry
[Sat Feb 22 14:41:43 2025
] Test log entry
[Sat Feb 22 14:41:43 2025
] Test log entry
[Sat Feb 22 14:41:43 2025
] Test log entry
[Sat Feb 22 14:41:43 2025
] Test log entry
[Sat Feb 22 14:41:43 2025
] Application Startup
[Sat Feb 22 14:41:46 2025
] System Running
[Sat Feb 22 14:44:13 2025
] System Boot
[Sat Feb 22 14:44:13 2025
] Checking dependencies
[Sat Feb 22 14:44:14 2025
] Dependencies verified
[Sat Feb 22 14:44:14 2025
] Chat Server
[Sat Feb 22 14:44:15 2025
] Database Service
[Sat Feb 22 14:44:16 2025
] User Authentication
[Sat Feb 22 14:44:17 2025
] Sentiment Analysis Engine
[Sat Feb 22 14:44:18 2025
] Data Synchronization
[Sat Feb 22 14:44:20 2025
] Diagnostics Passed
[Sat Feb 22 14:44:20 2025
] User connected
[Sat Feb 22 14:44:21 2025
] User connected
[Sat Feb 22 14:44:21 2025
] User connected
[Sat Feb 22 14:44:22 2025
] User connected
[Sat Feb 22 14:44:22 2025
] User connected
[Sat Feb 22 14:44:23 2025
] User connected
[Sat Feb 22 14:44:23 2025
] User connected
[Sat Feb 22 14:44:24 2025
] User connected
[Sat Feb 22 14:44:24 2025
] User connected
[Sat Feb 22 14:44:25 2025
] User connected
[Sat Feb 22 14:45:05 2025
] Test log entry
[Sat Feb 22 14:45:05 2025
] Test log entry
[Sat Feb 22 14:45:05 2025
] Test log entry
[Sat Feb 22 14:45:05 2025
] Test log entry
[Sat Feb 22 14:45:05 2025
] Test log entry
[Sat Feb 22 14:45:05 2025
] Test log entry
[Sat Feb 22 14:45:05 2025
] Test log entry
[Sat Feb 22 14:45:05 2025
] Test log entry
[Sat Feb 22 14:45:05 2025
] Test log entry
[Sat Feb 22 14:45:05 2025
] Test log entry
[Sat Feb 22 14:45:05 2025
] Test log entry
[Sat Feb 22 14:45:05 2025
] Test log entry
[Sat Feb 22 14:45:05 2025
] Test log entry
[Sat Feb 22 14:45:05 2025
] Test log entry
[Sat Feb 22 14:45:05 2025
] Test log entry
[Sat Feb 22 14:45:05 2025
] Test log entry
[Sat Feb 22 14:45:05 2025
] Test log entry
[Sat Feb 22 14:45:05 2025
] Test log entry
[Sat Feb 22 14:45:05 2025
] Test log entry
[Sat Feb 22 14:45:05 2025
] Test log entry
[Sat Feb 22 14:45:05 2025
] Test log entry
[Sat Feb 22 14:45:05 2025
] Test log entry
[Sat Feb 22 14:45:05 2025
] Test log entry
[Sat Feb 22 14:45:05 2025
] Test log entry
[Sat Feb 22 14:45:05 2025
] Test log entry
[Sat Feb 22 14:45:05 2025
] Test log entry
[Sat Feb 22 14:45:05 2025
] Test log entry
[Sat Feb 22 14:45:05 2025
] Test log entry
[Sat Feb 22 14:45:05 2025
] Test log entry
[Sat Feb 22 14:45:05 2025
] Test log entry
[Sat Feb 22 14:45:05 2025
] Test log entry
[Sat Feb 22 14:45:05 2025
] Test log entry
[Sat Feb 22 14:45:05 2025
] Test log entry
[Sat Feb 22 14:45:05 2025
] Test log entry
[Sat Feb 22 14:45:05 2025
] Test log entry
[Sat Feb 22 14:45:05 2025
] Test log entry
[Sat Feb 22 14:45:05 2025
] Test log entry
[Sat Feb 22 14:45:05 2025
] Test log entry
[Sat Feb 22 14:45:05 2025
] Test log entry
[Sat Feb 22 14:45:05 2025
] Test log entry
[Sat Feb 22 14:45:05 2025
] Test log entry
[Sat Feb 22 14:45:05 2025
] Test log entry
[Sat Feb 22 14:45:05 2025
] Test log entry
[Sat Feb 22 14:45:05 2025
] Test log entry
[Sat Feb 22 14:45:05 2025
] Test log entry
[Sat Feb 22 14:45:05 2025
] Test log entry
[Sat Feb 22 14:45:05 2025
] Test log entry
[Sat Feb 22 14:45:05 2025
] Test log entry
[Sat Feb 22 14:45:05 2025
] Test log entry
[Sat Feb 22 14:45:05 2025
] Test log entry
[Sat Feb 22 14:45:05 2025
] Application Startup
[Sat Feb 22 14:45:07 2025
] System Running
